Current time: 2014-03-23 15:59:12.636085 UTC
ghc-7.4.1 ["--version"] succeeded with exit code 0
Standard output:
The Glorious Glasgow Haskell Compilation System, version 7.4.1

Standard error:
<empty>

ghc-pkg-7.4.1 ["--version"] succeeded with exit code 0
Standard output:
GHC package manager version 7.4.1

Standard error:
<empty>

cabal ["--version"] succeeded with exit code 0
Standard output:
cabal-install version 1.18.0.2
using version 1.18.1.2 of the Cabal library 

Standard error:
<empty>

ghc-7.4.1 ["--make","-outputdir","/home/massysett/rainbox/sunlight-25145","-o","/home/massysett/rainbox/sunlight-25145/Setup","Setup.hs"] succeeded with exit code 0
Standard output:
[1 of 1] Compiling Main             ( Setup.hs, /home/massysett/rainbox/sunlight-25145/Main.o )
Linking /home/massysett/rainbox/sunlight-25145/Setup ...

Standard error:
<empty>

/home/massysett/rainbox/sunlight-25145/Setup ["sdist","--output-directory=/home/massysett/rainbox/sunlight-25145/distDeps"] succeeded with exit code 0
Standard output:
Distribution quality warnings:
When distributing packages it is encouraged to specify source control
information in the .cabal file using one or more 'source-repository' sections.
See the Cabal user guide for details.
Building source dist for rainbox-0.1.0.0...
Source directory created: /home/massysett/rainbox/sunlight-25145/distDeps

Standard error:
Warning: Cannot run preprocessors. Run 'configure' command first.

/home/massysett/rainbox/sunlight-25145/Setup ["sdist","--output-directory=/home/massysett/rainbox/sunlight-25145/distPkg"] succeeded with exit code 0
Standard output:
Distribution quality warnings:
When distributing packages it is encouraged to specify source control
information in the .cabal file using one or more 'source-repository' sections.
See the Cabal user guide for details.
Building source dist for rainbox-0.1.0.0...
Source directory created: /home/massysett/rainbox/sunlight-25145/distPkg

Standard error:
Warning: Cannot run preprocessors. Run 'configure' command first.

ghc-pkg-7.4.1 ["init","/home/massysett/rainbox/sunlight-25145/db"] succeeded with exit code 0
Standard output:
<empty>

Standard error:
<empty>

cabal ["install","--verbose=2","--with-compiler=ghc-7.4.1","--with-hc-pkg=ghc-pkg-7.4.1","--prefix=/home/massysett/rainbox/sunlight-25145/prefix","--disable-library-profiling","--disable-executable-profiling","--package-db=clear","--package-db=global","--package-db=/home/massysett/rainbox/sunlight-25145/db","--enable-tests","--disable-documentation","--only-dependencies"] FAILED with exit code 1
Standard output:
Reading available packages...
Choosing modular solver.
Resolving dependencies...

Standard error:
cabal: Could not resolve dependencies:
trying: rainbox-0.1.0.0 (user goal)
next goal: rainbow-tests (dependency of rainbox-0.1.0.0)
Dependency tree exhaustively searched.

ghc-pkg-7.4.1 ["list","--global","--package-conf=/home/massysett/rainbox/sunlight-25145/db"] succeeded with exit code 0
Standard output:
/opt/ghc/7.4.1/lib/ghc-7.4.1/package.conf.d:
    Cabal-1.14.0
    array-0.4.0.0
    base-4.5.0.0
    bin-package-db-0.0.0.0
    binary-0.5.1.0
    bytestring-0.9.2.1
    containers-0.4.2.1
    deepseq-1.3.0.0
    directory-1.1.0.2
    extensible-exceptions-0.1.1.4
    filepath-1.3.0.0
    (ghc-7.4.1)
    ghc-prim-0.2.0.0
    (haskell2010-1.1.0.1)
    (haskell98-2.0.0.1)
    hoopl-3.8.7.3
    hpc-0.5.1.1
    integer-gmp-0.4.0.0
    old-locale-1.0.0.4
    old-time-1.1.0.0
    pretty-1.1.1.0
    process-1.1.0.1
    rts-1.0
    template-haskell-2.7.0.0
    time-1.4
    unix-2.5.1.0

/home/massysett/rainbox/sunlight-25145/db:


Standard error:
<empty>

ghc ["--make","Setup.hs"] succeeded with exit code 0
Standard output:
[1 of 1] Compiling Main             ( Setup.hs, Setup.o )
Linking Setup ...

Standard error:
<empty>

./Setup ["configure","--verbose=2","--with-compiler=ghc-7.4.1","--with-hc-pkg=ghc-pkg-7.4.1","--prefix=/home/massysett/rainbox/sunlight-25145/prefix","--package-db=clear","--package-db=global","--package-db=/home/massysett/rainbox/sunlight-25145/db","--enable-tests"] FAILED with exit code 1
Standard output:
Configuring rainbox-0.1.0.0...

Standard error:
Setup: At least the following dependencies are missing:
QuickCheck ==2.6.*,
array >=0.4.0.1,
rainbow >=0.12.0.0,
rainbow-tests >=0.12.0.0,
random >=1.0.0.0,
tasty >=0.8,
tasty-quickcheck >=0.8,
text >=0.9.2.1,
transformers >=0.3.0.0

./Setup ["build","--verbose=2"] FAILED with exit code 1
Standard output:
<empty>

Standard error:
Setup: Run the 'configure' command first.

./Setup ["install","--verbose=2"] FAILED with exit code 1
Standard output:
<empty>

Standard error:
Setup: Run the 'configure' command first.

ghc-pkg-7.4.1 ["list","--global","--package-conf=/home/massysett/rainbox/sunlight-25145/db"] succeeded with exit code 0
Standard output:
/opt/ghc/7.4.1/lib/ghc-7.4.1/package.conf.d:
    Cabal-1.14.0
    array-0.4.0.0
    base-4.5.0.0
    bin-package-db-0.0.0.0
    binary-0.5.1.0
    bytestring-0.9.2.1
    containers-0.4.2.1
    deepseq-1.3.0.0
    directory-1.1.0.2
    extensible-exceptions-0.1.1.4
    filepath-1.3.0.0
    (ghc-7.4.1)
    ghc-prim-0.2.0.0
    (haskell2010-1.1.0.1)
    (haskell98-2.0.0.1)
    hoopl-3.8.7.3
    hpc-0.5.1.1
    integer-gmp-0.4.0.0
    old-locale-1.0.0.4
    old-time-1.1.0.0
    pretty-1.1.1.0
    process-1.1.0.1
    rts-1.0
    template-haskell-2.7.0.0
    time-1.4
    unix-2.5.1.0

/home/massysett/rainbox/sunlight-25145/db:


Standard error:
<empty>

